<?xml version="1.0" encoding="UTF-8"?>
<!-- Generated by org.testng.reporters.JUnitXMLReporter -->
<testsuite ignored="9" hostname="Mukesh" failures="0" tests="2" name="Test" time="81.719" errors="0" timestamp="2023-01-05T20:18:25 IST">
  <testcase classname="com.strivemammoth.testcases.WashPage_TestCases" name="AddWash" time="41.566"/>
  <testcase classname="com.strivemammoth.testcases.LoginPage_Testcase" name="Login" time="21.965"/>
  <testcase classname="com.strivemammoth.base.BaseClass" name="@AfterSuite endextent" time="0.0">
    <ignored/>
  </testcase> <!-- @AfterSuite endextent -->
  <testcase classname="com.strivemammoth.base.BaseClass" name="@AfterSuite endextent" time="0.0">
    <ignored/>
  </testcase> <!-- @AfterSuite endextent -->
  <testcase classname="com.strivemammoth.base.BaseClass" name="@AfterSuite endextent" time="0.0">
    <ignored/>
  </testcase> <!-- @AfterSuite endextent -->
  <testcase classname="com.strivemammoth.testcases.CashRegisterPage_TestCase" name="GoToCashRegClose" time="0.0">
    <ignored/>
  </testcase> <!-- GoToCashRegClose -->
  <testcase classname="com.strivemammoth.testcases.CashRegisterPage_TestCase" name="GoToCashRegOpen" time="0.0">
    <ignored/>
  </testcase> <!-- GoToCashRegOpen -->
  <testcase classname="com.strivemammoth.base.BaseClass" name="@BeforeSuite loadConfig" time="0.0">
    <ignored/>
  </testcase> <!-- @BeforeSuite loadConfig -->
  <testcase classname="com.strivemammoth.base.BaseClass" name="@BeforeSuite loadConfig" time="0.0">
    <ignored/>
  </testcase> <!-- @BeforeSuite loadConfig -->
  <testcase classname="com.strivemammoth.base.BaseClass" name="@BeforeSuite loadConfig" time="0.0">
    <ignored/>
  </testcase> <!-- @BeforeSuite loadConfig -->
  <testcase classname="com.strivemammoth.testcases.ClientPage_TestCase" name="SignIntoLoc" time="0.0">
    <ignored/>
  </testcase> <!-- SignIntoLoc -->
</testsuite> <!-- Test -->
