<?xml version="1.0" encoding="UTF-8"?>
<!-- Generated by org.testng.reporters.JUnitXMLReporter -->
<testsuite ignored="9" hostname="Mukesh" failures="0" tests="2" name="Test" time="92.318" errors="0" timestamp="2023-01-23T21:41:36 IST">
  <testcase classname="com.strivemammoth.testcases.CashRegisterPage_TestCase" name="GoToCashRegOpen" time="33.776"/>
  <testcase classname="com.strivemammoth.testcases.CashRegisterPage_TestCase" name="GoToCashRegClose" time="35.583"/>
  <testcase classname="com.strivemammoth.testcases.LoginPage_Testcase" name="Login" time="0.0">
    <ignored/>
  </testcase> <!-- Login -->
  <testcase classname="com.strivemammoth.testcases.WashPage_TestCases" name="AddWash" time="0.0">
    <ignored/>
  </testcase> <!-- AddWash -->
  <testcase classname="com.strivemammoth.base.BaseClass" name="@AfterSuite endextent" time="0.0">
    <ignored/>
  </testcase> <!-- @AfterSuite endextent -->
  <testcase classname="com.strivemammoth.base.BaseClass" name="@AfterSuite endextent" time="0.0">
    <ignored/>
  </testcase> <!-- @AfterSuite endextent -->
  <testcase classname="com.strivemammoth.base.BaseClass" name="@AfterSuite endextent" time="0.0">
    <ignored/>
  </testcase> <!-- @AfterSuite endextent -->
  <testcase classname="com.strivemammoth.base.BaseClass" name="@BeforeSuite loadConfig" time="0.0">
    <ignored/>
  </testcase> <!-- @BeforeSuite loadConfig -->
  <testcase classname="com.strivemammoth.base.BaseClass" name="@BeforeSuite loadConfig" time="0.0">
    <ignored/>
  </testcase> <!-- @BeforeSuite loadConfig -->
  <testcase classname="com.strivemammoth.base.BaseClass" name="@BeforeSuite loadConfig" time="0.0">
    <ignored/>
  </testcase> <!-- @BeforeSuite loadConfig -->
  <testcase classname="com.strivemammoth.testcases.ClientPage_TestCase" name="SignIntoLoc" time="0.0">
    <ignored/>
  </testcase> <!-- SignIntoLoc -->
</testsuite> <!-- Test -->
